<?xml version="1.0" encoding="UTF-8"?>
<!-- Generated by org.testng.reporters.JUnitReportReporter -->
<testsuite hostname="Noah" failures="0" tests="1" name="com.RMGYantra_Authentication.BearerTokenAuthenticationTest" time="2.355" errors="0" timestamp="2022-02-15T15:23:38 IST" skipped="0">
  <testcase classname="com.RMGYantra_Authentication.BearerTokenAuthenticationTest" name="bearerTokenAuth" time="2.355"/>
  <system-out/>
</testsuite> <!-- com.RMGYantra_Authentication.BearerTokenAuthenticationTest -->
