<?xml version="1.0" encoding="UTF-8"?>
<!-- Generated by org.testng.reporters.JUnitReportReporter -->
<testsuite hostname="Noah" failures="0" tests="1" name="api.DeleProjectById" time="0.972" errors="0" timestamp="2022-02-11T15:27:22 IST" skipped="0">
  <testcase classname="api.DeleProjectById" name="deleteProjByid" time="0.972"/>
  <system-out/>
</testsuite> <!-- api.DeleProjectById -->
