<?xml version="1.0" encoding="UTF-8"?>
<!-- Generated by org.testng.reporters.JUnitReportReporter -->
<testsuite hostname="Noah" failures="0" tests="1" name="com.RMGYantra_Authentication.Oauth2Authentication1" time="3.237" errors="0" timestamp="2022-02-15T16:51:43 IST" skipped="0">
  <testcase classname="com.RMGYantra_Authentication.Oauth2Authentication1" name="oath2" time="3.237"/>
  <system-out/>
</testsuite> <!-- com.RMGYantra_Authentication.Oauth2Authentication1 -->
