<?xml version="1.0" encoding="UTF-8"?>
<!-- Generated by org.testng.reporters.JUnitReportReporter -->
<testsuite hostname="Noah" failures="0" tests="1" name="crudUsingBDD.CreateProject" time="1.199" errors="0" timestamp="2022-02-11T16:20:54 IST" skipped="0">
  <testcase classname="crudUsingBDD.CreateProject" name="createproject" time="1.199"/>
  <system-out/>
</testsuite> <!-- crudUsingBDD.CreateProject -->
