<?xml version="1.0" encoding="UTF-8"?>
<!-- Generated by org.testng.reporters.JUnitReportReporter -->
<testsuite hostname="Noah" failures="0" tests="1" name="response_Validation.Dynamic_Validation" time="1.787" errors="0" timestamp="2022-02-16T11:24:36 IST" skipped="0">
  <testcase classname="response_Validation.Dynamic_Validation" name="dynamic_valid" time="1.787"/>
  <system-out/>
</testsuite> <!-- response_Validation.Dynamic_Validation -->
