<?xml version="1.0" encoding="UTF-8"?>
<!-- Generated by org.testng.reporters.JUnitReportReporter -->
<testsuite hostname="Noah" failures="0" tests="1" name="api.CreateProjectTest" time="1.523" errors="0" timestamp="2022-02-11T11:23:25 IST" skipped="0">
  <testcase classname="api.CreateProjectTest" name="createProject" time="1.523"/>
  <system-out/>
</testsuite> <!-- api.CreateProjectTest -->
