<?xml version="1.0" encoding="UTF-8"?>
<!-- Generated by org.testng.reporters.JUnitReportReporter -->
<testsuite hostname="Noah" failures="0" tests="1" name="com.RMGYantra_Authentication.PreemtiveAuthenticationTest" time="1.079" errors="0" timestamp="2022-02-17T18:38:14 IST" skipped="0">
  <testcase classname="com.RMGYantra_Authentication.PreemtiveAuthenticationTest" name="preemtiveAuth" time="1.079"/>
  <system-out/>
</testsuite> <!-- com.RMGYantra_Authentication.PreemtiveAuthenticationTest -->
