<?xml version="1.0" encoding="UTF-8"?>
<!-- Generated by org.testng.reporters.JUnitReportReporter -->
<testsuite hostname="Noah" failures="0" tests="1" name="com.RMGYantra_Authentication.Basic_Authentication" time="1.542" errors="0" timestamp="2022-02-15T13:36:59 IST" skipped="0">
  <testcase classname="com.RMGYantra_Authentication.Basic_Authentication" name="basicAuth" time="1.542"/>
  <system-out/>
</testsuite> <!-- com.RMGYantra_Authentication.Basic_Authentication -->
