<?xml version="1.0" encoding="UTF-8"?>
<!-- Generated by org.testng.reporters.JUnitReportReporter -->
<testsuite hostname="Noah" failures="0" tests="1" name="crudUsingBDD.CreateJsonFileProject" time="1.166" errors="0" timestamp="2022-02-15T11:32:52 IST" skipped="0">
  <testcase classname="crudUsingBDD.CreateJsonFileProject" name="createJson" time="1.166"/>
  <system-out/>
</testsuite> <!-- crudUsingBDD.CreateJsonFileProject -->
