<?xml version="1.0" encoding="UTF-8"?>
<!-- Generated by org.testng.reporters.JUnitReportReporter -->
<testsuite hostname="Noah" failures="0" tests="1" name="chickenCoop.Oauth2Authentication1" time="4.011" errors="0" timestamp="2022-02-17T11:56:30 IST" skipped="0">
  <testcase classname="chickenCoop.Oauth2Authentication1" name="oath2" time="4.011"/>
  <system-out/>
</testsuite> <!-- chickenCoop.Oauth2Authentication1 -->
