<?xml version="1.0" encoding="UTF-8"?>
<!-- Generated by org.testng.reporters.JUnitReportReporter -->
<testsuite hostname="Noah" failures="0" tests="1" name="crudUsingBDD.CreateHashProject" time="1.214" errors="0" timestamp="2022-02-11T16:43:27 IST" skipped="0">
  <testcase classname="crudUsingBDD.CreateHashProject" name="createHash" time="1.214"/>
  <system-out/>
</testsuite> <!-- crudUsingBDD.CreateHashProject -->
