<?xml version="1.0" encoding="UTF-8"?>
<!-- Generated by org.testng.reporters.JUnitReportReporter -->
<testsuite hostname="Noah" failures="0" tests="1" name="response_Validation.static_Response_Validation" time="1.308" errors="0" timestamp="2022-02-16T10:27:25 IST" skipped="0">
  <testcase classname="response_Validation.static_Response_Validation" name="staticValidation" time="1.308"/>
  <system-out/>
</testsuite> <!-- response_Validation.static_Response_Validation -->
