<?xml version="1.0" encoding="UTF-8"?>
<!-- Generated by org.testng.reporters.JUnitReportReporter -->
<testsuite hostname="Noah" failures="0" tests="1" name="com.RMGYantra_Authentication.DigestiveAuthenticationTest" time="1.086" errors="0" timestamp="2022-02-17T18:38:02 IST" skipped="0">
  <testcase classname="com.RMGYantra_Authentication.DigestiveAuthenticationTest" name="digestiveAuth" time="1.086"/>
  <system-out/>
</testsuite> <!-- com.RMGYantra_Authentication.DigestiveAuthenticationTest -->
