<?xml version="1.0" encoding="UTF-8"?>
<!-- Generated by org.testng.reporters.JUnitReportReporter -->
<testsuite hostname="Noah" failures="0" tests="1" name="chickenCoop.Oauth2Authentication" time="3.081" errors="0" timestamp="2022-02-17T11:56:50 IST" skipped="0">
  <testcase classname="chickenCoop.Oauth2Authentication" name="oauth2Auth" time="3.081"/>
  <system-out/>
</testsuite> <!-- chickenCoop.Oauth2Authentication -->
