<?xml version="1.0" encoding="UTF-8"?>
<!-- Generated by org.testng.reporters.JUnitReportReporter -->
<testsuite hostname="Noah" failures="0" tests="1" name="com.RMGYantra_Authentication.Oauth2Authentication" time="3.330" errors="0" timestamp="2022-02-15T16:29:38 IST" skipped="0">
  <testcase classname="com.RMGYantra_Authentication.Oauth2Authentication" name="oauth2Auth" time="3.330"/>
  <system-out/>
</testsuite> <!-- com.RMGYantra_Authentication.Oauth2Authentication -->
