<?xml version="1.0" encoding="UTF-8"?>
<!-- Generated by org.testng.reporters.JUnitReportReporter -->
<testsuite hostname="Noah" failures="0" tests="1" name="RequestChainingGetDelete.ReqChainingGetDeleteProj" time="1.500" errors="0" timestamp="2022-02-15T12:40:00 IST" skipped="0">
  <testcase classname="RequestChainingGetDelete.ReqChainingGetDeleteProj" name="reqChainingDel" time="1.500"/>
  <system-out/>
</testsuite> <!-- RequestChainingGetDelete.ReqChainingGetDeleteProj -->
