<?xml version="1.0" encoding="UTF-8"?>
<!-- Generated by org.testng.reporters.JUnitReportReporter -->
<testsuite hostname="Noah" failures="0" tests="1" name="EndtoEndBusinessScenario.Gui_End_To_End" time="3.169" errors="0" timestamp="2022-02-16T18:46:14 IST" skipped="0">
  <testcase classname="EndtoEndBusinessScenario.Gui_End_To_End" name="gui_EndToEnd" time="3.169"/>
  <system-out/>
</testsuite> <!-- EndtoEndBusinessScenario.Gui_End_To_End -->
