<?xml version="1.0" encoding="UTF-8"?>
<!-- Generated by org.testng.reporters.JUnitReportReporter -->
<testsuite hostname="Noah" failures="0" tests="1" name="com.RMGYantra_Authentication.BearerToekenToListAllRepoInGithub" time="3.906" errors="0" timestamp="2022-02-15T15:36:37 IST" skipped="0">
  <testcase classname="com.RMGYantra_Authentication.BearerToekenToListAllRepoInGithub" name="bearerToekenToList" time="3.906"/>
  <system-out/>
</testsuite> <!-- com.RMGYantra_Authentication.BearerToekenToListAllRepoInGithub -->
