<?xml version="1.0" encoding="UTF-8"?>
<!-- Generated by org.testng.reporters.JUnitReportReporter -->
<testsuite hostname="Noah" failures="0" tests="1" name="crudUsingBDD.GetAllProjectsTest" time="0.939" errors="0" timestamp="2022-02-11T16:07:02 IST" skipped="0">
  <testcase classname="crudUsingBDD.GetAllProjectsTest" name="getallprojects" time="0.939"/>
  <system-out/>
</testsuite> <!-- crudUsingBDD.GetAllProjectsTest -->
