<?xml version="1.0" encoding="UTF-8"?>
<!-- Generated by org.testng.reporters.JUnitReportReporter -->
<testsuite hostname="Noah" failures="0" tests="1" name="crudUsingBDD.DeleteAllProject" time="0.938" errors="0" timestamp="2022-02-11T16:07:33 IST" skipped="0">
  <testcase classname="crudUsingBDD.DeleteAllProject" name="deleteproject" time="0.938"/>
  <system-out/>
</testsuite> <!-- crudUsingBDD.DeleteAllProject -->
